==================================[НОВАЯ СЕССИЯ]==================================
[12:09:11] * ===================================================== *
[12:09:11]   RakBot 0.8.2.1 инициализирован
[12:09:11]   Автор адаптации: MishaN, CentuiS
[12:09:11]   Автор перевода: Ruskadance
[12:09:11]   Благодарность: Jamely, Logotipo, Wa3Rix, CentiuS, urShadow, DexT3R
[12:09:11]   RakBot.Ru
[12:09:11] * ===================================================== *
[12:09:11] [LUA] Скрипт "ARZ-Fix.lua" успешно загружен
[12:09:12] [LUA] Скрипт "ПРОДАЖА.lua" успешно загружен
[12:09:12] [LUA] [GOZHELNIKOV Games Bot]: Скрипт успешно загружен!
[12:09:14] [RAKBOT] IP сервера: 141.94.184.107:1251
[12:09:14] [RAKBOT] Ник игрока: EnidBot
[12:09:14] [RAKBOT] Пароль игрока: Rdni3cMWWW
[12:09:14] [RAKBOT] Загрузка админов с сервера...
[12:09:14] [RAKBOT] Подключение к 141.94.184.107:1251...
[12:09:15] [RAKBOT] Загружено 133 админов с сервера
[12:09:15] [RAKBOT] Загрузка админов завершена
[12:09:16] [RAKBOT] Подключено. Вход в игру...
[12:09:18] [СЕРВЕР] Добро пожаловать на Arizona Role Play!
[12:09:21] [RAKBOT] Подключено к Arizona Role Play | Enid
[12:09:21] [RAKBOT] Запрошен класс с ID 0
[12:09:21] [RAKBOT] Ваш уровень здоровья изменен на 100
[12:09:21] [RAKBOT] Режим наблюдения включен сервером
[12:09:21] [СЕРВЕР]  
[12:09:21] [СЕРВЕР]  
[12:09:21] [СЕРВЕР]  
[12:09:21] [СЕРВЕР]  
[12:09:21] [СЕРВЕР]  
[12:09:21] [СЕРВЕР]  
[12:09:21] [СЕРВЕР]  
[12:09:21] [СЕРВЕР]  
[12:09:21] [СЕРВЕР]  
[12:09:21] [СЕРВЕР]  
[12:09:21] [СЕРВЕР]  
[12:09:21] [СЕРВЕР]  
[12:09:21] [СЕРВЕР]  
[12:09:21] [СЕРВЕР]  
[12:09:21] [СЕРВЕР]  
[12:09:21] [СЕРВЕР]  
[12:09:21] [СЕРВЕР]  
[12:09:21] [СЕРВЕР]  
[12:09:21] [СЕРВЕР]  
[12:09:21] [СЕРВЕР]  
[12:09:21] [RAKBOT] Установлена позиция спавна: (0,00; 10,00; 0,00)
[12:09:21] [RAKBOT] Конечный класс получен
[12:09:21] [RAKBOT] Установлена позиция спавна: (0,00; 10,00; 0,00)
[12:09:22] [RAKBOT] Отправлен ответ диалогу с ID 2 (кнопка: 1, список: 65535; текст: Rdni3cMWWW)
[12:09:22] [RAKBOT] Количество денег изменено на 1360065407
[12:09:22] [RAKBOT] Ваш уровень здоровья изменен на 100
[12:09:22] [RAKBOT] Геймтекст: 
[12:09:22] [RAKBOT] Геймтекст: 
[12:09:22] [RAKBOT] Геймтекст: 
[12:09:22] [RAKBOT] Геймтекст: 
[12:09:22] [RAKBOT] Геймтекст: 
[12:09:22] [RAKBOT] Геймтекст: 
[12:09:22] [RAKBOT] Геймтекст: Welcome
[12:09:22] [RAKBOT] Геймтекст: EnidBot
[12:09:23] [СЕРВЕР] [Подсказка] На сервере есть инвентарь, используйте клавишу Y для работы с ним.
[12:09:23] [СЕРВЕР] [Подсказка] Вы можете задать вопрос в нашу техническую поддержку /report.
[12:09:23] [СЕРВЕР] В нашем магазине ты можешь приобрести нужное количество игровых денег и потратить
[12:09:23] [СЕРВЕР] их на желаемый тобой бизнес, дом, аксессуар или на покупку каких-нибудь безделушек.
[12:09:23] [СЕРВЕР] - Игроки со статусом VIP имеют большие возможности, подробнее /help [Преимущества VIP]
[12:09:23] [СЕРВЕР] - В магазине так-же можно приобрести редкие автомобили, аксессуары, воздушные шары,
[12:09:23] [СЕРВЕР] а так-же предметы, которые выделят тебя из толпы! Наш сайт: vk.com/arpenid
[12:09:23] [СЕРВЕР] [Колесо Фортуны] Проведите 20 минут в казино и получите возможность прокрутки колеса фортуны. (/GPS - Разное - Казино 4 дракона)
[12:09:23] [RAKBOT] Ваш уровень здоровья изменен на 100
[12:09:23] [RAKBOT] Ваш уровень здоровья изменен на 100
[12:09:23] [RAKBOT] Бот перемещен в интерьер 0
[12:09:23] [RAKBOT] Режим наблюдения отключен сервером
[12:09:23] [RAKBOT] Получен диалог 211 с заголовком "Авторизация"
[12:09:23] [RAKBOT] Установлен скин 78
[12:09:23] [RAKBOT] Установлен скин 78
[12:09:23] [RAKBOT] Ваш уровень здоровья изменен на 100
[12:09:23] [RAKBOT] Ваш уровень здоровья изменен на 100
[12:09:23] [RAKBOT] Установлена позиция спавна: (2222,42; -1171,51; 25,53)
[12:09:23] [RAKBOT] Бот перемещен в интерьер 0
[12:09:23] [RAKBOT] Бот заспавнен
[12:09:23] [RAKBOT] Отправлен ответ диалогу с ID 211 (кнопка: 1, список: 65535; текст: 88888)
[12:09:25] [СЕРВЕР] [A] Вы успешно авторизовались как Основатель
[12:09:25] [RAKBOT] Получен диалог 265 с заголовком ""
[12:09:25] [RAKBOT] Окно диалога закрыто
[12:09:25] [СЕРВЕР] EnidBot 0 подозревается в попытке слива! - - - Версия скрипта: 02.02.2023, разработчик: Sasha_Gozhelnikov
[12:09:25] [СЕРВЕР] В таких сообщениях запрещается использовать английские символы
[12:09:25] [СЕРВЕР] Не повторяйте это действие во избежание наказания.
[12:09:25] [СЕРВЕР] [A] EnidBot[0]: Ключ активации успешно подошёл, приступаю к работе.
[12:09:25] [СЕРВЕР] [A] EnidBot[0]: Версия скрипта: 02.02.2023, разработчик: Sasha_Gozhelnikov
[12:09:25] [СЕРВЕР] EnidBot 0 подозревается в попытке слива! - - - Авторизовался как администратор, и готов принимать ваши запросы!
[12:09:25] [СЕРВЕР] В таких сообщениях запрещается использовать английские символы
[12:09:25] [СЕРВЕР] Не повторяйте это действие во избежание наказания.
[12:09:34] [RAKBOT] Отправлен ответ диалогу с ID 265 (кнопка: 0, список: 0; текст: )
[12:09:50] [СЕРВЕР] Администрация онлайн: (в сети: 1, из них в АФК: 0)
[12:09:51] [СЕРВЕР] EnidBot[0] - Основатель - [AFK: 0]. Репутация: 0 - Выговоры [0/3]
[12:10:42] [СЕРВЕР] Администрация онлайн: (в сети: 1, из них в АФК: 0)
[12:10:42] [СЕРВЕР] EnidBot[0] - Основатель - [AFK: 0]. Репутация: 0 - Выговоры [0/3]
[12:10:49] [СЕРВЕР] [КБ] Начало командного боя через 5 минут. Место регистрации: пляж Санта-Мария (отмечено на карте)
[12:10:49] [СЕРВЕР] [КБ] Регситрация на мероприятие внутри в здании! Команда победителей получает 10 рублей и 100.000 АЗ
[12:10:49] [RAKBOT] Геймтекст: GPS: ON
[12:10:54] [СЕРВЕР] [A] EnidBot[0]: Без проблем! Запускаю викторину 'угадай цифру' < TELEGRAM...
[12:10:54] [СЕРВЕР]  Основатель EnidBot: Вниманuе! Отгадай цифру от 1 до 50 | приз: аз рубли в количестве: 3 ! Отправлять исключительно в VIP чат (/vr)
[12:11:06] [СЕРВЕР] [Администратор] EnidBot[0]: 27
[12:11:06] [СЕРВЕР]  Основатель EnidBot: Игрок EnidBot[0] первый выиграл викторину и получил аз-рубли в количестве:  3
[12:11:06] [RAKBOT] Геймтекст: 
[12:11:06] [RAKBOT] Геймтекст: 
[12:11:06] [RAKBOT] Геймтекст: 
[12:11:06] [RAKBOT] Геймтекст: 
[12:11:06] [RAKBOT] Геймтекст: 
[12:11:06] [RAKBOT] Геймтекст: 
[12:11:06] [RAKBOT] Геймтекст: 
[12:11:06] [RAKBOT] Геймтекст: 
[12:11:06] [RAKBOT] Геймтекст: 
[12:11:06] [RAKBOT] Геймтекст: 3RUB
[12:11:06] [СЕРВЕР] [Информация] Вы успешно выдали игроку EnidBot[0] 3 AZ-Рублей.
[12:11:06] [СЕРВЕР] [Информация] Администратор EnidBot[0] выдал вам 3 AZ-Рублей.
[12:11:06] [СЕРВЕР] [Информация] Администратор EnidBot[0] выдал игроку EnidBot[0] 3 AZ-Рублей.
[12:11:30] [СЕРВЕР]  Основатель EnidBot: Автоопровержение включено в течении 2х минут после PayDay
[12:11:49] [RAKBOT] Получен диалог 23045 с заголовком "Проверка на робота"
[12:11:53] [RAKBOT] Отправлен ответ диалогу с ID 23045 (кнопка: 0, список: 0; текст: )
[12:11:58] [СЕРВЕР] [A] EnidBot[0]: Без проблем! Запускаю рандомную капчу на рандомное число аз рублей... < TELEGRAM
[12:11:58] [СЕРВЕР]  Основатель EnidBot: Вниманuе! капча 52187 | приз: аз рубли в количестве: 26 ! Отправлять исключительно в VIP чат (/vr)
[12:12:03] [СЕРВЕР] [Администратор] EnidBot[0]: 512187
[12:12:09] [СЕРВЕР] [Администратор] EnidBot[0]: 52187
[12:12:09] [СЕРВЕР]  Основатель EnidBot: Игрок EnidBot[0] первый выиграл викторину и получил аз-рубли в количестве:  26
[12:12:09] [RAKBOT] Геймтекст: 
[12:12:09] [RAKBOT] Геймтекст: 
[12:12:09] [RAKBOT] Геймтекст: 
[12:12:09] [RAKBOT] Геймтекст: 
[12:12:09] [RAKBOT] Геймтекст: 
[12:12:09] [RAKBOT] Геймтекст: 
[12:12:09] [RAKBOT] Геймтекст: 
[12:12:09] [RAKBOT] Геймтекст: 
[12:12:09] [RAKBOT] Геймтекст: 
[12:12:09] [RAKBOT] Геймтекст: 26RUB
[12:12:09] [СЕРВЕР] [Информация] Вы успешно выдали игроку EnidBot[0] 26 AZ-Рублей.
[12:12:09] [СЕРВЕР] [Информация] Администратор EnidBot[0] выдал вам 26 AZ-Рублей.
[12:12:09] [СЕРВЕР] [Информация] Администратор EnidBot[0] выдал игроку EnidBot[0] 26 AZ-Рублей.
[12:16:06] [СЕРВЕР] [КБ] Командный бой отменен из-за недостаточного количества участников
[12:22:30] [СЕРВЕР] [A] EnidBot[0]: КАПЧИ! МЕРОПРИЯТИЯ! СЛЁТЫ! БЫСТРЕНЬКО!
[12:23:50] [СЕРВЕР] [A] EnidBot[0]: бот помощь
[12:23:50] [СЕРВЕР] [A] EnidBot[0]: Уважаемый Администратор, данный бот создан для помощи игрокам!
[12:23:50] [СЕРВЕР] [A] EnidBot[0]: Он принимает ваши формы на команды:slap,flip,freeze,unfreeze,spplayer,sethp,weap,spcar,plveh,spcars,givegun,
[12:23:50] [СЕРВЕР] [A] EnidBot[0]: Так-же вы можете принять опровержение игрока! /unjail id - и бот выпустит игрока!
[12:23:50] [СЕРВЕР] [A] EnidBot[0]: Сильно с ботом не играйте! Все логи бота отправляются в телеграм, вы можете получить по попе!<3
[12:27:35] [RAKBOT] Выход из бота...
[12:27:36] [RAKBOT] Бот отключен от сервера
[12:27:36] [RAKBOT] Завершение работы...
[12:27:36] [RAKBOT] Ожидание завершения потока воспроизведения маршрута
[12:27:36] [RAKBOT] Ожидание завершения потока загрузки админов
[12:27:36] [RAKBOT] Ожидание завершения потока обновления сети
[12:27:36] [RAKBOT] Ожидание завершения потока главного окна
[12:27:36] [RAKBOT] Ожидание завершения потока окна карты
[12:27:36] [RAKBOT] Ожидание завершения потока окна диалога
[12:27:36] [RAKBOT] Работа завершена
==================================[НОВАЯ СЕССИЯ]==================================
[12:30:43] * ===================================================== *
[12:30:43]   RakBot 0.8.2.1 инициализирован
[12:30:43]   Автор адаптации: MishaN, CentuiS
[12:30:43]   Автор перевода: Ruskadance
[12:30:43]   Благодарность: Jamely, Logotipo, Wa3Rix, CentiuS, urShadow, DexT3R
[12:30:43]   RakBot.Ru
[12:30:43] * ===================================================== *
[12:30:43] [LUA] Скрипт "ARZ-Fix.lua" успешно загружен
[12:30:45] [LUA] Скрипт "telegram.lua" успешно загружен
[12:30:45] [LUA] [Enid Bot]: Скрипт успешно загружен!
[12:30:47] [RAKBOT] IP сервера: 141.94.184.107:1251
[12:30:47] [RAKBOT] Ник игрока: EnidBot
[12:30:47] [RAKBOT] Пароль игрока: Rdni3cMWWW
[12:30:47] [RAKBOT] Загрузка админов с сервера...
[12:30:47] [RAKBOT] Подключение к 141.94.184.107:1251...
[12:30:47] [RAKBOT] Загружено 133 админов с сервера
[12:30:47] [RAKBOT] Загрузка админов завершена
[12:30:49] [RAKBOT] Подключено. Вход в игру...
[12:30:51] [СЕРВЕР] Добро пожаловать на Arizona Role Play!
[12:30:54] [RAKBOT] Подключено к Arizona Role Play | Enid
[12:30:54] [RAKBOT] Запрошен класс с ID 0
[12:30:54] [RAKBOT] Ваш уровень здоровья изменен на 100
[12:30:54] [RAKBOT] Режим наблюдения включен сервером
[12:30:54] [СЕРВЕР]  
[12:30:54] [СЕРВЕР]  
[12:30:54] [СЕРВЕР]  
[12:30:54] [СЕРВЕР]  
[12:30:54] [СЕРВЕР]  
[12:30:54] [СЕРВЕР]  
[12:30:54] [СЕРВЕР]  
[12:30:54] [СЕРВЕР]  
[12:30:54] [СЕРВЕР]  
[12:30:54] [СЕРВЕР]  
[12:30:54] [СЕРВЕР]  
[12:30:54] [СЕРВЕР]  
[12:30:54] [СЕРВЕР]  
[12:30:54] [СЕРВЕР]  
[12:30:54] [СЕРВЕР]  
[12:30:54] [СЕРВЕР]  
[12:30:54] [СЕРВЕР]  
[12:30:54] [СЕРВЕР]  
[12:30:54] [СЕРВЕР]  
[12:30:54] [СЕРВЕР]  
[12:30:54] [RAKBOT] Установлена позиция спавна: (0,00; 10,00; 0,00)
[12:30:54] [RAKBOT] Конечный класс получен
[12:30:54] [RAKBOT] Установлена позиция спавна: (0,00; 10,00; 0,00)
[12:30:54] [RAKBOT] Отправлен ответ диалогу с ID 2 (кнопка: 1, список: 65535; текст: Rdni3cMWWW)
[12:30:55] [RAKBOT] Количество денег изменено на 1360065407
[12:30:55] [RAKBOT] Ваш уровень здоровья изменен на 100
[12:30:55] [RAKBOT] Геймтекст: 
[12:30:55] [RAKBOT] Геймтекст: 
[12:30:55] [RAKBOT] Геймтекст: 
[12:30:55] [RAKBOT] Геймтекст: 
[12:30:55] [RAKBOT] Геймтекст: 
[12:30:55] [RAKBOT] Геймтекст: 
[12:30:55] [RAKBOT] Геймтекст: Welcome
[12:30:55] [RAKBOT] Геймтекст: EnidBot
[12:30:56] [СЕРВЕР] [Подсказка] На сервере есть инвентарь, используйте клавишу Y для работы с ним.
[12:30:56] [СЕРВЕР] [Подсказка] Вы можете задать вопрос в нашу техническую поддержку /report.
[12:30:56] [СЕРВЕР] В нашем магазине ты можешь приобрести нужное количество игровых денег и потратить
[12:30:56] [СЕРВЕР] их на желаемый тобой бизнес, дом, аксессуар или на покупку каких-нибудь безделушек.
[12:30:56] [СЕРВЕР] - Игроки со статусом VIP имеют большие возможности, подробнее /help [Преимущества VIP]
[12:30:56] [СЕРВЕР] - В магазине так-же можно приобрести редкие автомобили, аксессуары, воздушные шары,
[12:30:56] [СЕРВЕР] а так-же предметы, которые выделят тебя из толпы! Наш сайт: vk.com/arpenid
[12:30:56] [СЕРВЕР] [Колесо Фортуны] Проведите 20 минут в казино и получите возможность прокрутки колеса фортуны. (/GPS - Разное - Казино 4 дракона)
[12:30:56] [RAKBOT] Ваш уровень здоровья изменен на 100
[12:30:56] [RAKBOT] Ваш уровень здоровья изменен на 100
[12:30:56] [RAKBOT] Установлена позиция спавна: (1147,03; -1758,31; 13,46)
[12:30:56] [RAKBOT] Бот перемещен в интерьер 0
[12:30:56] [RAKBOT] Режим наблюдения отключен сервером
[12:30:56] [RAKBOT] Получен диалог 211 с заголовком "Авторизация"
[12:30:56] [RAKBOT] Установлен скин 78
[12:30:56] [RAKBOT] Установлен скин 78
[12:30:56] [RAKBOT] Ваш уровень здоровья изменен на 100
[12:30:56] [RAKBOT] Ваш уровень здоровья изменен на 100
[12:30:56] [RAKBOT] Установлена позиция спавна: (1160,27; -1758,97; 13,47)
[12:30:56] [RAKBOT] Бот перемещен в интерьер 0
[12:30:56] [RAKBOT] Бот заспавнен
[12:30:56] [RAKBOT] Отправлен ответ диалогу с ID 211 (кнопка: 1, список: 65535; текст: 88888)
[12:30:58] [СЕРВЕР] [A] Вы успешно авторизовались как Основатель
[12:30:58] [RAKBOT] Получен диалог 265 с заголовком ""
[12:30:58] [RAKBOT] Окно диалога закрыто
[12:30:58] [СЕРВЕР] [A] EnidBot[1]: Ключ активации успешно подошёл, приступаю к работе.
[12:30:58] [СЕРВЕР] [A] EnidBot[1]: Версия скрипта: 02.02.2023, разработчик: Nikita_Furnika
[12:30:58] [СЕРВЕР] EnidBot 1 подозревается в попытке слива! - - - Авторизовался как администратор, и готов принимать ваши запросы!
[12:30:58] [СЕРВЕР] В таких сообщениях запрещается использовать английские символы
[12:30:58] [СЕРВЕР] Не повторяйте это действие во избежание наказания.
[12:30:58] [СЕРВЕР] EnidBot 1 подозревается в попытке слива! - - - Версия скрипта: 02.02.2023, разработчик: Nikita_Furnika
[12:30:58] [СЕРВЕР] В таких сообщениях запрещается использовать английские символы
[12:30:58] [СЕРВЕР] Не повторяйте это действие во избежание наказания.
[12:31:02] [RAKBOT] Отправлен ответ диалогу с ID 265 (кнопка: 0, список: 0; текст: )
[12:31:36] [СЕРВЕР] [Администратор] Nikita_Furnika[0]: бот тп
[12:31:41] [СЕРВЕР] [Администратор] Nikita_Furnika[0]: бот аб
[12:31:44] [СЕРВЕР] [Администратор] Nikita_Furnika[0]: бот тп на аб
[12:31:44] [СЕРВЕР] [Администратор] EnidBot[1]: Nikita_Furnika +
[12:31:44] [СЕРВЕР] [Ошибка] Неизвестная команда! Введите /help для просмотра доступных функций.
[12:31:56] [СЕРВЕР] [Администратор] Nikita_Furnika[0]: бот нрг
[12:31:56] [СЕРВЕР] [A] Администратор EnidBot[1] выдал временную машину игроку Nikita_Furnika[0] [846]
[12:31:56] [RAKBOT] Получен диалог 265 с заголовком ""
[12:33:38] [СЕРВЕР] [Nikita_Furnika] Телепортировал к себе авто, id: 846
[12:33:42] [RAKBOT] Отправлен ответ диалогу с ID 265 (кнопка: 0, список: 0; текст: )
[12:33:51] [СЕРВЕР] [A] EnidBot[1]: КАПЧИ! МЕРОПРИЯТИЯ! СЛЁТЫ! БЫСТРЕНЬКО!
[12:34:03] [СЕРВЕР]  Основатель EnidBot: Автоопровержение успешно выключено.
[12:34:18] [СЕРВЕР] [A] EnidBot[1] написал игроку Nikita_Furnika[0]: 12
[12:34:22] [СЕРВЕР] [PM] Игрок Nikita_Furnika[0] прочитал ваш ответ и закрыл диалог.
[12:34:40] [СЕРВЕР] [A] Nikita_Furnika[0]: иди нахуй
[12:35:02] [СЕРВЕР] [Сервер] Уважаемые игроки!
[12:35:02] [СЕРВЕР] [Сервер] На нашем сервере продаются различные привилегии (+ Адм)
[12:35:02] [СЕРВЕР] [Сервер] Для просмотра информации введите команду: /adonate
[12:35:11] [СЕРВЕР] Администратор Chat_Protector загрушил игрока Nikita_Furnika[0] на 120 минут. Причина: Упоминание/Оскорбление родни!
[12:35:11] [СЕРВЕР] [A] Игрок Nikita_Furnika[0] попытался упомянуть/оскорбить родню, за что был наказан автоматически!
[12:36:26] [СЕРВЕР]  Администратор Nikita_Furnika снял заглушку с игрока Nikita_Furnika. Причина: 0
[12:36:27] [СЕРВЕР] [Администратор] Nikita_Furnika[0]: бот флип
[12:36:27] [СЕРВЕР] [A] EnidBot[1] флип'нул игрока Nikita_Furnika[ID:0]
[12:36:28] [RAKBOT] Получен диалог 265 с заголовком ""
[12:36:38] [СЕРВЕР] [Администратор] Nikita_Furnika[0]: дай нрг
[12:36:38] [СЕРВЕР] Не не хочу!
[12:36:38] [RAKBOT] Получен диалог 265 с заголовком ""
[12:36:38] [RAKBOT] Окно диалога закрыто
[12:36:42] [СЕРВЕР] [Администратор] Nikita_Furnika[0]: нрг
[12:36:42] [СЕРВЕР] Не не хочу!
[12:36:42] [RAKBOT] Получен диалог 265 с заголовком ""
[12:36:42] [RAKBOT] Окно диалога закрыто
[12:36:55] [СЕРВЕР] [A] Nikita_Furnika[0]: бот флип
[12:36:55] [СЕРВЕР] [A] EnidBot[1] флип'нул игрока Nikita_Furnika[ID:0]
[12:36:55] [RAKBOT] Получен диалог 265 с заголовком ""
[12:36:55] [RAKBOT] Окно диалога закрыто
[12:36:59] [СЕРВЕР] [A] Nikita_Furnika[0]: бот флип
[12:36:59] [СЕРВЕР] [A] Nikita_Furnika[0]: бот флип
[12:36:59] [СЕРВЕР] [A] EnidBot[1] флип'нул игрока Nikita_Furnika[ID:0]
[12:36:59] [RAKBOT] Получен диалог 265 с заголовком ""
[12:36:59] [RAKBOT] Окно диалога закрыто
[12:36:59] [СЕРВЕР] [A] EnidBot[1] флип'нул игрока Nikita_Furnika[ID:0]
[12:36:59] [RAKBOT] Получен диалог 265 с заголовком ""
[12:36:59] [RAKBOT] Окно диалога закрыто
[12:36:59] [СЕРВЕР] [A] Nikita_Furnika[0]: бот флип
[12:37:00] [СЕРВЕР] [A] EnidBot[1] флип'нул игрока Nikita_Furnika[ID:0]
[12:37:00] [RAKBOT] Получен диалог 265 с заголовком ""
[12:37:00] [RAKBOT] Окно диалога закрыто
[12:37:00] [СЕРВЕР] [A] Nikita_Furnika[0]: бот флип
[12:37:00] [СЕРВЕР] [A] Nikita_Furnika[0]: бот флип
[12:37:00] [СЕРВЕР] [A] EnidBot[1] флип'нул игрока Nikita_Furnika[ID:0]
[12:37:00] [RAKBOT] Получен диалог 265 с заголовком ""
[12:37:00] [RAKBOT] Окно диалога закрыто
[12:37:00] [СЕРВЕР] [A] EnidBot[1] флип'нул игрока Nikita_Furnika[ID:0]
[12:37:00] [RAKBOT] Получен диалог 265 с заголовком ""
[12:37:01] [RAKBOT] Окно диалога закрыто
[12:37:01] [СЕРВЕР] [A] Nikita_Furnika[0]: бот флип
[12:37:01] [СЕРВЕР] [A] Nikita_Furnika[0]: бот флип
[12:37:01] [СЕРВЕР] [A] EnidBot[1] флип'нул игрока Nikita_Furnika[ID:0]
[12:37:01] [RAKBOT] Получен диалог 265 с заголовком ""
[12:37:01] [RAKBOT] Окно диалога закрыто
[12:37:01] [СЕРВЕР] [A] Nikita_Furnika[0]: бот флип
[12:37:01] [СЕРВЕР] [A] EnidBot[1] флип'нул игрока Nikita_Furnika[ID:0]
[12:37:01] [RAKBOT] Получен диалог 265 с заголовком ""
[12:37:01] [RAKBOT] Окно диалога закрыто
[12:37:01] [СЕРВЕР] [A] Nikita_Furnika[0]: бот флип
[12:37:02] [СЕРВЕР] [A] EnidBot[1] флип'нул игрока Nikita_Furnika[ID:0]
[12:37:02] [RAKBOT] Получен диалог 265 с заголовком ""
[12:37:02] [RAKBOT] Окно диалога закрыто
[12:37:02] [СЕРВЕР] [A] Nikita_Furnika[0]: бот флип
[12:37:02] [СЕРВЕР] [A] EnidBot[1] флип'нул игрока Nikita_Furnika[ID:0]
[12:37:02] [RAKBOT] Получен диалог 265 с заголовком ""
[12:37:02] [RAKBOT] Окно диалога закрыто
[12:37:02] [СЕРВЕР] [A] Nikita_Furnika[0]: бот флип
[12:37:02] [СЕРВЕР] [A] EnidBot[1] флип'нул игрока Nikita_Furnika[ID:0]
[12:37:02] [RAKBOT] Получен диалог 265 с заголовком ""
[12:37:02] [RAKBOT] Окно диалога закрыто
[12:37:03] [СЕРВЕР] [A] Nikita_Furnika[0]: бот флип
[12:37:03] [СЕРВЕР] [A] EnidBot[1] флип'нул игрока Nikita_Furnika[ID:0]
[12:37:03] [RAKBOT] Получен диалог 265 с заголовком ""
[12:37:03] [RAKBOT] Окно диалога закрыто
[12:37:03] [СЕРВЕР] [A] Nikita_Furnika[0]: бот флип
[12:37:03] [СЕРВЕР] [A] EnidBot[1] флип'нул игрока Nikita_Furnika[ID:0]
[12:37:03] [RAKBOT] Получен диалог 265 с заголовком ""
[12:37:03] [RAKBOT] Окно диалога закрыто
[12:37:03] [СЕРВЕР] [A] EnidBot[1] флип'нул игрока Nikita_Furnika[ID:0]
[12:37:03] [RAKBOT] Получен диалог 265 с заголовком ""
[12:37:03] [RAKBOT] Окно диалога закрыто
[12:37:10] [СЕРВЕР] [A] Nikita_Furnika[0]: бот помощь
[12:37:10] [СЕРВЕР] [A] EnidBot[1]: Уважаемый Администратор, данный бот создан для помощи игрокам!
[12:37:10] [СЕРВЕР] [A] EnidBot[1]: Он принимает ваши формы на команды:slap,flip,freeze,unfreeze,spplayer,sethp,weap,spcar,plveh,spcars,givegun,
[12:37:10] [СЕРВЕР] [A] EnidBot[1]: Так-же вы можете принять опровержение игрока! /unjail id - и бот выпустит игрока!
[12:37:10] [СЕРВЕР] [A] EnidBot[1]: Сильно с ботом не играйте! Все логи бота отправляются в телеграм, вы можете получить по попе!<3
[12:37:46] [СЕРВЕР] [A] Nikita_Furnika[0]: бот флип
[12:37:46] [СЕРВЕР] [A] EnidBot[1] флип'нул игрока Nikita_Furnika[ID:0]
[12:37:46] [RAKBOT] Получен диалог 265 с заголовком ""
[12:37:46] [RAKBOT] Окно диалога закрыто
[12:38:13] [СЕРВЕР] [A] Nikita_Furnika[0]: бот флип
[12:38:13] [СЕРВЕР] [A] EnidBot[1] флип'нул игрока Nikita_Furnika[ID:0]
[12:38:13] [RAKBOT] Получен диалог 265 с заголовком ""
[12:38:13] [RAKBOT] Окно диалога закрыто
[12:39:07] [СЕРВЕР] [A] Nikita_Furnika[0]: бот флип
[12:39:07] [СЕРВЕР] [A] EnidBot[1] флип'нул игрока Nikita_Furnika[ID:0]
[12:39:07] [RAKBOT] Получен диалог 265 с заголовком ""
[12:39:07] [RAKBOT] Окно диалога закрыто
[12:40:01] [СЕРВЕР] [A] Nikita_Furnika[0]: бот флип
[12:40:02] [СЕРВЕР] [A] EnidBot[1] флип'нул игрока Nikita_Furnika[ID:0]
[12:40:02] [RAKBOT] Получен диалог 265 с заголовком ""
[12:40:02] [RAKBOT] Окно диалога закрыто
[12:40:42] [СЕРВЕР] [A] Nikita_Furnika[0]: бот флип
[12:40:42] [СЕРВЕР] [A] EnidBot[1] флип'нул игрока Nikita_Furnika[ID:0]
[12:40:42] [RAKBOT] Получен диалог 265 с заголовком ""
[12:40:42] [RAKBOT] Окно диалога закрыто
[12:41:59] [СЕРВЕР] [A] Nikita_Furnika[0]: бот флип
[12:42:00] [СЕРВЕР] [A] EnidBot[1] флип'нул игрока Nikita_Furnika[ID:0]
[12:42:00] [RAKBOT] Получен диалог 265 с заголовком ""
[12:42:00] [RAKBOT] Окно диалога закрыто
[12:42:39] [СЕРВЕР] [A] Nikita_Furnika[0]: бот флип
[12:42:39] [СЕРВЕР] [A] EnidBot[1] флип'нул игрока Nikita_Furnika[ID:0]
[12:42:39] [RAKBOT] Получен диалог 265 с заголовком ""
[12:42:39] [RAKBOT] Окно диалога закрыто
[12:44:36] [RAKBOT] Отправлен ответ диалогу с ID 265 (кнопка: 0, список: 0; текст: )
[13:00:03] [СЕРВЕР] __________Банковский чек__________
[13:00:03] [СЕРВЕР] Депозит в банке: $0
[13:00:03] [СЕРВЕР] Сумма к выплате: $0
[13:00:03] [СЕРВЕР] Текущая сумма в банке: $0
[13:00:03] [СЕРВЕР] Текущая сумма на депозите: $0
[13:00:03] [СЕРВЕР] На данный момент у вас 10-й уровень и 1/44 респектов
[13:00:03] [СЕРВЕР] Законопослушность: +1 (21)
[13:00:03] [СЕРВЕР] __________________________________
[13:00:03] [RAKBOT] Геймтекст: PAYDAY
[13:00:03] [СЕРВЕР] Вам был добавлен предмет 'Предмет: Arizona Video Card' (15 шт). Чтобы открыть инвентарь используйте клавишу 'Y' или /invent
[13:00:33] [СЕРВЕР] [Сервер] Уважаемые игроки!
[13:00:33] [СЕРВЕР] [Сервер] Через 60 секунд произойдет респаун транспорта!
[13:00:33] [СЕРВЕР] [Сервер] Займите автомобили, чтобы они не пропали
[13:00:33] [RAKBOT] Геймтекст: RESPAWN CARS 60 SEC
[13:05:02] [СЕРВЕР] [Сервер] Уважаемые игроки!
[13:05:02] [СЕРВЕР] [Сервер] На нашем сервере продаются различные привилегии (+ Адм)
[13:05:02] [СЕРВЕР] [Сервер] Для просмотра информации введите команду: /adonate
[13:07:42] [RAKBOT] Соединение было потеряно. Переподключение через 15 секунд
[13:07:43] [RAKBOT] Бот отключен от сервера
[13:07:58] [RAKBOT] Подключение к 141.94.184.107:1251...
[13:08:04] [RAKBOT] Не удалось подключиться к серверу. Переподключение...
[13:08:05] [RAKBOT] Подключение к 141.94.184.107:1251...
[13:08:11] [RAKBOT] Не удалось подключиться к серверу. Переподключение...
[13:08:12] [RAKBOT] Подключение к 141.94.184.107:1251...
[13:08:19] [RAKBOT] Не удалось подключиться к серверу. Переподключение...
[13:08:20] [RAKBOT] Подключение к 141.94.184.107:1251...
[13:08:31] [RAKBOT] Не удалось подключиться к серверу. Переподключение...
[13:08:32] [RAKBOT] Подключение к 141.94.184.107:1251...
[13:08:42] [RAKBOT] Не удалось подключиться к серверу. Переподключение...
[13:08:43] [RAKBOT] Выход из бота...
[13:08:43] [RAKBOT] Завершение работы...
[13:08:43] [RAKBOT] Ожидание завершения потока воспроизведения маршрута
[13:08:43] [RAKBOT] Ожидание завершения потока загрузки админов
[13:08:43] [RAKBOT] Ожидание завершения потока обновления сети
[13:08:43] [RAKBOT] Ожидание завершения потока главного окна
[13:08:43] [RAKBOT] Ожидание завершения потока окна карты
[13:08:43] [RAKBOT] Ожидание завершения потока окна диалога
[13:08:43] [RAKBOT] Работа завершена
