==================================[НОВАЯ СЕССИЯ]==================================
[11:48:59] * ===================================================== *
[11:48:59]   RakBot 0.8.2.1 инициализирован
[11:48:59]   Автор адаптации: MishaN, CentuiS
[11:48:59]   Автор перевода: Ruskadance
[11:48:59]   Благодарность: Jamely, Logotipo, Wa3Rix, CentiuS, urShadow, DexT3R
[11:48:59]   RakBot.Ru
[11:48:59] * ===================================================== *
[11:48:59] [LUA] Скрипт "ARZ-Fix.lua" успешно загружен
[11:48:59] [LUA] Скрипт "ПРОДАЖА.lua" успешно загружен
[11:48:59] [LUA] [GOZHELNIKOV Games Bot]: Скрипт успешно загружен!
[11:49:00] [RAKBOT] IP сервера: 141.94.184.107:1251
[11:49:00] [RAKBOT] Ник игрока: Nikita_Furnika
[11:49:00] [RAKBOT] Пароль игрока: 20032007Eduard
[11:49:00] [RAKBOT] Загрузка админов с сервера...
[11:49:00] [RAKBOT] Подключение к 141.94.184.107:1251...
[11:49:00] [RAKBOT] Загружено 133 админов с сервера
[11:49:00] [RAKBOT] Загрузка админов завершена
[11:49:10] [RAKBOT] Не удалось подключиться к серверу. Переподключение...
[11:49:11] [RAKBOT] Подключение к 141.94.184.107:1251...
[11:49:22] [RAKBOT] Не удалось подключиться к серверу. Переподключение...
[11:49:23] [RAKBOT] Подключение к 141.94.184.107:1251...
[11:49:33] [RAKBOT] Не удалось подключиться к серверу. Переподключение...
[11:49:34] [RAKBOT] Подключение к 141.94.184.107:1251...
[11:49:45] [RAKBOT] Не удалось подключиться к серверу. Переподключение...
[11:49:46] [RAKBOT] Подключение к 141.94.184.107:1251...
[11:49:56] [RAKBOT] Не удалось подключиться к серверу. Переподключение...
[11:49:57] [RAKBOT] Подключение к 141.94.184.107:1251...
[11:50:07] [RAKBOT] Не удалось подключиться к серверу. Переподключение...
[11:50:08] [RAKBOT] Подключение к 141.94.184.107:1251...
[11:50:19] [RAKBOT] Не удалось подключиться к серверу. Переподключение...
[11:50:20] [RAKBOT] Подключение к 141.94.184.107:1251...
[11:50:20] [RAKBOT] Вы забанены на этом сервере. Переподключение...
[11:50:23] [RAKBOT] Подключение к 141.94.184.107:1251...
[11:50:23] [RAKBOT] Вы забанены на этом сервере. Переподключение...
[11:50:26] [RAKBOT] Выход из бота...
[11:50:26] [RAKBOT] Завершение работы...
[11:50:26] [RAKBOT] Ожидание завершения потока воспроизведения маршрута
[11:50:26] [RAKBOT] Ожидание завершения потока загрузки админов
[11:50:26] [RAKBOT] Ожидание завершения потока обновления сети
[11:50:26] [RAKBOT] Ожидание завершения потока главного окна
[11:50:26] [RAKBOT] Ожидание завершения потока окна карты
[11:50:26] [RAKBOT] Ожидание завершения потока окна диалога
[11:50:26] [RAKBOT] Работа завершена
==================================[НОВАЯ СЕССИЯ]==================================
[11:50:49] * ===================================================== *
[11:50:49]   RakBot 0.8.2.1 инициализирован
[11:50:49]   Автор адаптации: MishaN, CentuiS
[11:50:49]   Автор перевода: Ruskadance
[11:50:49]   Благодарность: Jamely, Logotipo, Wa3Rix, CentiuS, urShadow, DexT3R
[11:50:49]   RakBot.Ru
[11:50:49] * ===================================================== *
[11:50:49] [LUA] Скрипт "ПРОДАЖА.lua" успешно загружен
[11:50:49] [LUA] [GOZHELNIKOV Games Bot]: Скрипт успешно загружен!
[11:50:50] [RAKBOT] IP сервера: 141.94.184.107:1251
[11:50:50] [RAKBOT] Ник игрока: Nikita_Furnika
[11:50:50] [RAKBOT] Пароль игрока: Rdni3cMW
[11:50:50] [RAKBOT] Загрузка админов с сервера...
[11:50:50] [RAKBOT] Подключение к 141.94.184.107:1251...
[11:50:50] [RAKBOT] Загружено 133 админов с сервера
[11:50:50] [RAKBOT] Загрузка админов завершена
[11:51:00] [RAKBOT] Не удалось подключиться к серверу. Переподключение...
[11:51:01] [RAKBOT] Подключение к 141.94.184.107:1251...
[11:51:06] [RAKBOT] Выход из бота...
[11:51:06] [RAKBOT] Завершение работы...
[11:51:06] [RAKBOT] Ожидание завершения потока воспроизведения маршрута
[11:51:06] [RAKBOT] Ожидание завершения потока загрузки админов
[11:51:06] [RAKBOT] Ожидание завершения потока обновления сети
[11:51:06] [RAKBOT] Ожидание завершения потока главного окна
[11:51:06] [RAKBOT] Ожидание завершения потока окна карты
[11:51:06] [RAKBOT] Ожидание завершения потока окна диалога
[11:51:06] [RAKBOT] Работа завершена
==================================[НОВАЯ СЕССИЯ]==================================
[11:56:02] * ===================================================== *
[11:56:02]   RakBot 0.8.2.1 инициализирован
[11:56:02]   Автор адаптации: MishaN, CentuiS
[11:56:02]   Автор перевода: Ruskadance
[11:56:02]   Благодарность: Jamely, Logotipo, Wa3Rix, CentiuS, urShadow, DexT3R
[11:56:02]   RakBot.Ru
[11:56:02] * ===================================================== *
[11:56:02] [LUA] Скрипт "ARZ-Fix.lua" успешно загружен
[11:56:03] [LUA] Скрипт "ПРОДАЖА.lua" успешно загружен
[11:56:03] [LUA] [GOZHELNIKOV Games Bot]: Скрипт успешно загружен!
[11:56:04] [RAKBOT] IP сервера: 141.94.184.107:1251
[11:56:04] [RAKBOT] Ник игрока: Nikita_Furnika
[11:56:04] [RAKBOT] Пароль игрока: Rdni3cMW
[11:56:04] [RAKBOT] Загрузка админов с сервера...
[11:56:04] [RAKBOT] Подключение к 141.94.184.107:1251...
[11:56:04] [RAKBOT] Загружено 133 админов с сервера
[11:56:04] [RAKBOT] Загрузка админов завершена
[11:56:14] [RAKBOT] Не удалось подключиться к серверу. Переподключение...
[11:56:15] [RAKBOT] Подключение к 141.94.184.107:1251...
[11:56:25] [RAKBOT] Не удалось подключиться к серверу. Переподключение...
[11:56:26] [RAKBOT] Подключение к 141.94.184.107:1251...
[11:56:37] [RAKBOT] Не удалось подключиться к серверу. Переподключение...
[11:56:38] [RAKBOT] Подключение к 141.94.184.107:1251...
[11:56:48] [RAKBOT] Не удалось подключиться к серверу. Переподключение...
[11:56:49] [RAKBOT] Подключение к 141.94.184.107:1251...
[11:56:59] [RAKBOT] Не удалось подключиться к серверу. Переподключение...
[11:57:00] [RAKBOT] Подключение к 141.94.184.107:1251...
[11:57:11] [RAKBOT] Не удалось подключиться к серверу. Переподключение...
[11:57:12] [RAKBOT] Подключение к 141.94.184.107:1251...
[11:57:22] [RAKBOT] Не удалось подключиться к серверу. Переподключение...
[11:57:23] [RAKBOT] Подключение к 141.94.184.107:1251...
[11:57:33] [RAKBOT] Не удалось подключиться к серверу. Переподключение...
[11:57:34] [RAKBOT] Подключение к 141.94.184.107:1251...
[11:57:45] [RAKBOT] Не удалось подключиться к серверу. Переподключение...
[11:57:46] [RAKBOT] Подключение к 141.94.184.107:1251...
[11:57:56] [RAKBOT] Не удалось подключиться к серверу. Переподключение...
[11:57:57] [RAKBOT] Подключение к 141.94.184.107:1251...
[11:58:07] [RAKBOT] Не удалось подключиться к серверу. Переподключение...
[11:58:08] [RAKBOT] Подключение к 141.94.184.107:1251...
==================================[НОВАЯ СЕССИЯ]==================================
[11:58:14] * ===================================================== *
[11:58:14]   RakBot 0.8.2.1 инициализирован
[11:58:14]   Автор адаптации: MishaN, CentuiS
[11:58:14]   Автор перевода: Ruskadance
[11:58:14]   Благодарность: Jamely, Logotipo, Wa3Rix, CentiuS, urShadow, DexT3R
[11:58:14]   RakBot.Ru
[11:58:14] * ===================================================== *
[11:58:14] [LUA] Скрипт "ARZ-Fix.lua" успешно загружен
[11:58:15] [LUA] Скрипт "ПРОДАЖА.lua" успешно загружен
[11:58:15] [LUA] [GOZHELNIKOV Games Bot]: Скрипт успешно загружен!
[11:58:16] [RAKBOT] IP сервера: 141.94.184.107:1251
[11:58:16] [RAKBOT] Ник игрока: Nikita_Furnika
[11:58:16] [RAKBOT] Пароль игрока: Rdni3cMW
[11:58:16] [RAKBOT] Загрузка админов с сервера...
[11:58:16] [RAKBOT] Подключение к 141.94.184.107:1251...
[11:58:16] [RAKBOT] Загружено 133 админов с сервера
[11:58:16] [RAKBOT] Загрузка админов завершена
[11:58:18] [RAKBOT] Не удалось подключиться к серверу. Переподключение...
[11:58:19] [RAKBOT] Подключение к 141.94.184.107:1251...
[11:58:25] [RAKBOT] Выход из бота...
[11:58:25] [RAKBOT] Завершение работы...
[11:58:25] [RAKBOT] Ожидание завершения потока воспроизведения маршрута
[11:58:25] [RAKBOT] Ожидание завершения потока загрузки админов
[11:58:25] [RAKBOT] Ожидание завершения потока обновления сети
[11:58:25] [RAKBOT] Ожидание завершения потока главного окна
[11:58:25] [RAKBOT] Ожидание завершения потока окна карты
[11:58:25] [RAKBOT] Ожидание завершения потока окна диалога
[11:58:25] [RAKBOT] Работа завершена
[11:58:30] [RAKBOT] Не удалось подключиться к серверу. Переподключение...
[11:58:31] [RAKBOT] Подключение к 141.94.184.107:1251...
[11:58:41] [RAKBOT] Не удалось подключиться к серверу. Переподключение...
[11:58:42] [RAKBOT] Подключение к 141.94.184.107:1251...
[11:58:52] [RAKBOT] Не удалось подключиться к серверу. Переподключение...
[11:58:53] [RAKBOT] Подключение к 141.94.184.107:1251...
[11:59:04] [RAKBOT] Не удалось подключиться к серверу. Переподключение...
[11:59:05] [RAKBOT] Подключение к 141.94.184.107:1251...
[11:59:15] [RAKBOT] Не удалось подключиться к серверу. Переподключение...
[11:59:16] [RAKBOT] Подключение к 141.94.184.107:1251...
[11:59:26] [RAKBOT] Не удалось подключиться к серверу. Переподключение...
[11:59:27] [RAKBOT] Подключение к 141.94.184.107:1251...
[11:59:38] [RAKBOT] Не удалось подключиться к серверу. Переподключение...
[11:59:39] [RAKBOT] Подключение к 141.94.184.107:1251...
[11:59:49] [RAKBOT] Не удалось подключиться к серверу. Переподключение...
[11:59:50] [RAKBOT] Подключение к 141.94.184.107:1251...
[12:00:00] [RAKBOT] Не удалось подключиться к серверу. Переподключение...
[12:00:01] [RAKBOT] Подключение к 141.94.184.107:1251...
[12:00:04] [RAKBOT] Выход из бота...
[12:00:04] [RAKBOT] Завершение работы...
[12:00:05] [RAKBOT] Ожидание завершения потока воспроизведения маршрута
[12:00:05] [RAKBOT] Ожидание завершения потока загрузки админов
[12:00:05] [RAKBOT] Ожидание завершения потока обновления сети
[12:00:05] [RAKBOT] Ожидание завершения потока главного окна
[12:00:05] [RAKBOT] Ожидание завершения потока окна карты
[12:00:05] [RAKBOT] Ожидание завершения потока окна диалога
[12:00:05] [RAKBOT] Работа завершена
==================================[НОВАЯ СЕССИЯ]==================================
[12:04:01] * ===================================================== *
[12:04:01]   RakBot 0.8.2.1 инициализирован
[12:04:01]   Автор адаптации: MishaN, CentuiS
[12:04:01]   Автор перевода: Ruskadance
[12:04:01]   Благодарность: Jamely, Logotipo, Wa3Rix, CentiuS, urShadow, DexT3R
[12:04:01]   RakBot.Ru
[12:04:01] * ===================================================== *
[12:04:01] [LUA] Скрипт "ARZ-Fix.lua" успешно загружен
[12:04:02] [LUA] Скрипт "ПРОДАЖА.lua" успешно загружен
[12:04:02] [LUA] [GOZHELNIKOV Games Bot]: Скрипт успешно загружен!
[12:04:04] [RAKBOT] IP сервера: 141.94.184.107:1251
[12:04:04] [RAKBOT] Ник игрока: Nikita_Furnika
[12:04:04] [RAKBOT] Пароль игрока: Rdni3cMW
[12:04:04] [RAKBOT] Загрузка админов с сервера...
[12:04:04] [RAKBOT] Подключение к 141.94.184.107:1251...
[12:04:05] [RAKBOT] Загружено 133 админов с сервера
[12:04:05] [RAKBOT] Загрузка админов завершена
[12:04:06] [RAKBOT] Подключено. Вход в игру...
[12:04:09] [СЕРВЕР] Добро пожаловать на Arizona Role Play!
[12:04:11] [RAKBOT] Подключено к Arizona Role Play | Enid
[12:04:11] [RAKBOT] Запрошен класс с ID 0
[12:04:11] [RAKBOT] Ваш уровень здоровья изменен на 100
[12:04:11] [RAKBOT] Режим наблюдения включен сервером
[12:04:11] [СЕРВЕР]  
[12:04:11] [СЕРВЕР]  
[12:04:11] [СЕРВЕР]  
[12:04:11] [СЕРВЕР]  
[12:04:11] [СЕРВЕР]  
[12:04:11] [СЕРВЕР]  
[12:04:11] [СЕРВЕР]  
[12:04:11] [СЕРВЕР]  
[12:04:11] [СЕРВЕР]  
[12:04:11] [СЕРВЕР]  
[12:04:11] [СЕРВЕР]  
[12:04:11] [СЕРВЕР]  
[12:04:11] [СЕРВЕР]  
[12:04:11] [СЕРВЕР]  
[12:04:11] [СЕРВЕР]  
[12:04:11] [СЕРВЕР]  
[12:04:11] [СЕРВЕР]  
[12:04:11] [СЕРВЕР]  
[12:04:11] [СЕРВЕР]  
[12:04:11] [СЕРВЕР]  
[12:04:11] [RAKBOT] Установлена позиция спавна: (0,00; 10,00; 0,00)
[12:04:11] [RAKBOT] Конечный класс получен
[12:04:11] [RAKBOT] Установлена позиция спавна: (0,00; 10,00; 0,00)
[12:04:12] [RAKBOT] Отправлен ответ диалогу с ID 2 (кнопка: 1, список: 65535; текст: Rdni3cMW)
[12:04:12] [RAKBOT] Количество денег изменено на 1360065407
[12:04:12] [RAKBOT] Ваш уровень здоровья изменен на 100
[12:04:12] [RAKBOT] Геймтекст: 
[12:04:12] [RAKBOT] Геймтекст: 
[12:04:12] [RAKBOT] Геймтекст: 
[12:04:12] [RAKBOT] Геймтекст: 
[12:04:12] [RAKBOT] Геймтекст: 
[12:04:12] [RAKBOT] Геймтекст: 
[12:04:12] [RAKBOT] Геймтекст: Welcome
[12:04:12] [RAKBOT] Геймтекст: Nikita_Furnika
[12:04:13] [СЕРВЕР] [Подсказка] На сервере есть инвентарь, используйте клавишу Y для работы с ним.
[12:04:13] [СЕРВЕР] [Подсказка] Вы можете задать вопрос в нашу техническую поддержку /report.
[12:04:13] [СЕРВЕР] В нашем магазине ты можешь приобрести нужное количество игровых денег и потратить
[12:04:13] [СЕРВЕР] их на желаемый тобой бизнес, дом, аксессуар или на покупку каких-нибудь безделушек.
[12:04:13] [СЕРВЕР] - Игроки со статусом VIP имеют большие возможности, подробнее /help [Преимущества VIP]
[12:04:13] [СЕРВЕР] - В магазине так-же можно приобрести редкие автомобили, аксессуары, воздушные шары,
[12:04:13] [СЕРВЕР] а так-же предметы, которые выделят тебя из толпы! Наш сайт: vk.com/arpenid
[12:04:13] [СЕРВЕР] [Колесо Фортуны] Проведите 20 минут в казино и получите возможность прокрутки колеса фортуны. (/GPS - Разное - Казино 4 дракона)
[12:04:13] [RAKBOT] Ваш уровень здоровья изменен на 100
[12:04:13] [RAKBOT] Ваш уровень здоровья изменен на 100
[12:04:13] [RAKBOT] Установлена позиция спавна: (1160,27; -1758,97; 13,47)
[12:04:13] [RAKBOT] Бот перемещен в интерьер 0
[12:04:13] [RAKBOT] Режим наблюдения отключен сервером
[12:04:13] [RAKBOT] Получен диалог 211 с заголовком "Авторизация"
[12:04:13] [RAKBOT] Установлен скин 78
[12:04:13] [RAKBOT] Установлен скин 78
[12:04:13] [RAKBOT] Ваш уровень здоровья изменен на 100
[12:04:13] [RAKBOT] Ваш уровень здоровья изменен на 100
[12:04:13] [RAKBOT] Установлена позиция спавна: (2229,67; -1158,02; 25,62)
[12:04:13] [RAKBOT] Бот перемещен в интерьер 0
[12:04:14] [RAKBOT] Бот заспавнен
[12:04:14] [RAKBOT] Отправлен ответ диалогу с ID 211 (кнопка: 1, список: 65535; текст: 88888)
[12:04:15] [СЕРВЕР] [A] Вы успешно авторизовались как Основатель
[12:04:15] [RAKBOT] Получен диалог 265 с заголовком ""
[12:04:15] [RAKBOT] Окно диалога закрыто
[12:04:16] [СЕРВЕР] [A] Nikita_Furnika[0]: Ключ активации успешно подошёл, приступаю к работе.
[12:04:16] [СЕРВЕР] [A] Nikita_Furnika[0]: Версия скрипта: 02.02.2023, разработчик: Sasha_Gozhelnikov
[12:04:16] [СЕРВЕР] Nikita_Furnika 0 подозревается в попытке слива! - - - Авторизовался как администратор, и готов принимать ваши запросы!
[12:04:16] [СЕРВЕР] В таких сообщениях запрещается использовать английские символы
[12:04:16] [СЕРВЕР] Не повторяйте это действие во избежание наказания.
[12:04:16] [СЕРВЕР] Nikita_Furnika 0 подозревается в попытке слива! - - - Версия скрипта: 02.02.2023, разработчик: Sasha_Gozhelnikov
[12:04:16] [СЕРВЕР] В таких сообщениях запрещается использовать английские символы
[12:04:16] [СЕРВЕР] Не повторяйте это действие во избежание наказания.
[12:04:18] [RAKBOT] Отправлен ответ диалогу с ID 265 (кнопка: 0, список: 0; текст: )
[12:05:02] [СЕРВЕР] [Сервер] Уважаемые игроки!
[12:05:03] [СЕРВЕР] [Сервер] На нашем сервере продаются различные привилегии (+ Адм)
[12:05:03] [СЕРВЕР] [Сервер] Для просмотра информации введите команду: /adonate
[12:05:35] [СЕРВЕР] Используйте: /a [текст]
[12:05:40] [СЕРВЕР] [A] Nikita_Furnika[0]: 123
[12:05:57] [RAKBOT] Выход из бота...
[12:05:57] [RAKBOT] Бот отключен от сервера
[12:05:57] [RAKBOT] Завершение работы...
[12:05:58] [RAKBOT] Ожидание завершения потока воспроизведения маршрута
[12:05:58] [RAKBOT] Ожидание завершения потока загрузки админов
[12:05:58] [RAKBOT] Ожидание завершения потока обновления сети
[12:05:58] [RAKBOT] Ожидание завершения потока главного окна
[12:05:58] [RAKBOT] Ожидание завершения потока окна карты
[12:05:58] [RAKBOT] Ожидание завершения потока окна диалога
[12:05:58] [RAKBOT] Работа завершена
