==================================[НОВАЯ СЕССИЯ]==================================
[11:47:40] * ===================================================== *
[11:47:40]   RakBot 0.8.2.1 инициализирован
[11:47:40]   Автор адаптации: MishaN, CentuiS
[11:47:40]   Автор перевода: Ruskadance
[11:47:40]   Благодарность: Jamely, Logotipo, Wa3Rix, CentiuS, urShadow, DexT3R
[11:47:40]   RakBot.Ru
[11:47:40] * ===================================================== *
[11:47:40] [LUA] Скрипт "ARZ-Fix.lua" успешно загружен
[11:47:40] [ERROR] Ошибка загрузки скрипта "ПРОДАЖА.lua": ./scripts/libs/lua-bot-api.lua:90: No token specified!
[11:47:40] [ERROR] stack traceback:
[11:47:40] [ERROR] 	[C]: in function 'assert'
[11:47:40] [ERROR] 	./scripts/libs/lua-bot-api.lua:90: in function 'configure'
[11:47:40] [ERROR] 	D:\rakbot2\scripts\ПРОДАЖА.lua:10: in main chunk
[11:47:40] [RAKBOT] IP сервера: samp.sr.team:1337
[11:47:40] [RAKBOT] Ник игрока: KingBot
[11:47:40] [RAKBOT] Пароль игрока: 20032007Eduard
[11:47:40] [RAKBOT] Загрузка админов с сервера...
[11:47:40] [RAKBOT] Подключение к samp.sr.team:1337...
[11:47:41] [RAKBOT] Загружено 133 админов с сервера
[11:47:41] [RAKBOT] Загрузка админов завершена
[11:47:45] [RAKBOT] Выход из бота...
[11:47:45] [RAKBOT] Завершение работы...
[11:47:45] [RAKBOT] Ожидание завершения потока воспроизведения маршрута
[11:47:45] [RAKBOT] Ожидание завершения потока загрузки админов
[11:47:45] [RAKBOT] Ожидание завершения потока обновления сети
[11:47:45] [RAKBOT] Ожидание завершения потока главного окна
[11:47:45] [RAKBOT] Ожидание завершения потока окна карты
[11:47:45] [RAKBOT] Ожидание завершения потока окна диалога
[11:47:45] [RAKBOT] Работа завершена
==================================[НОВАЯ СЕССИЯ]==================================
[11:47:48] * ===================================================== *
[11:47:48]   RakBot 0.8.2.1 инициализирован
[11:47:48]   Автор адаптации: MishaN, CentuiS
[11:47:48]   Автор перевода: Ruskadance
[11:47:48]   Благодарность: Jamely, Logotipo, Wa3Rix, CentiuS, urShadow, DexT3R
[11:47:48]   RakBot.Ru
[11:47:48] * ===================================================== *
[11:47:48] [LUA] Скрипт "ARZ-Fix.lua" успешно загружен
[11:47:48] [ERROR] Ошибка загрузки скрипта "ПРОДАЖА.lua": ./scripts/libs/lua-bot-api.lua:90: No token specified!
[11:47:48] [ERROR] stack traceback:
[11:47:48] [ERROR] 	[C]: in function 'assert'
[11:47:48] [ERROR] 	./scripts/libs/lua-bot-api.lua:90: in function 'configure'
[11:47:48] [ERROR] 	D:\rakbot2\scripts\ПРОДАЖА.lua:10: in main chunk
[11:47:48] [RAKBOT] IP сервера: samp.sr.team:1337
[11:47:48] [RAKBOT] Ник игрока: KingBot
[11:47:48] [RAKBOT] Пароль игрока: 20032007Eduard
[11:47:48] [RAKBOT] Загрузка админов с сервера...
[11:47:48] [RAKBOT] Подключение к samp.sr.team:1337...
[11:47:49] [RAKBOT] Загружено 133 админов с сервера
[11:47:49] [RAKBOT] Загрузка админов завершена
[11:47:56] [RAKBOT] Выход из бота...
[11:47:56] [RAKBOT] Завершение работы...
[11:47:56] [RAKBOT] Ожидание завершения потока воспроизведения маршрута
[11:47:56] [RAKBOT] Ожидание завершения потока загрузки админов
[11:47:56] [RAKBOT] Ожидание завершения потока обновления сети
[11:47:56] [RAKBOT] Ожидание завершения потока главного окна
[11:47:56] [RAKBOT] Ожидание завершения потока окна карты
[11:47:56] [RAKBOT] Ожидание завершения потока окна диалога
[11:47:56] [RAKBOT] Работа завершена
