==================================[НОВАЯ СЕССИЯ]==================================
[11:58:29] * ===================================================== *
[11:58:29]   RakBot 0.8.2.1 инициализирован
[11:58:29]   Автор адаптации: MishaN, CentuiS
[11:58:29]   Автор перевода: Ruskadance
[11:58:29]   Благодарность: Jamely, Logotipo, Wa3Rix, CentiuS, urShadow, DexT3R
[11:58:29]   RakBot.Ru
[11:58:29] * ===================================================== *
[11:58:29] [LUA] Скрипт "ARZ-Fix.lua" успешно загружен
[11:58:30] [LUA] Скрипт "ПРОДАЖА.lua" успешно загружен
[11:58:30] [LUA] [GOZHELNIKOV Games Bot]: Скрипт успешно загружен!
[11:58:30] [RAKBOT] IP сервера: 185.169.134.59:7777
[11:58:30] [RAKBOT] Ник игрока: Nikita_Furnika
[11:58:30] [RAKBOT] Пароль игрока: Rdni3cMW
[11:58:30] [RAKBOT] Загрузка админов с сервера...
[11:58:30] [RAKBOT] Подключение к 185.169.134.59:7777...
[11:58:31] [RAKBOT] Загружено 133 админов с сервера
[11:58:31] [RAKBOT] Загрузка админов завершена
[11:58:35] [RAKBOT] Выход из бота...
[11:58:35] [RAKBOT] Завершение работы...
[11:58:36] [RAKBOT] Ожидание завершения потока воспроизведения маршрута
[11:58:36] [RAKBOT] Ожидание завершения потока загрузки админов
[11:58:36] [RAKBOT] Ожидание завершения потока обновления сети
[11:58:36] [RAKBOT] Ожидание завершения потока главного окна
[11:58:36] [RAKBOT] Ожидание завершения потока окна карты
[11:58:36] [RAKBOT] Ожидание завершения потока окна диалога
[11:58:36] [RAKBOT] Работа завершена
==================================[НОВАЯ СЕССИЯ]==================================
[12:00:55] * ===================================================== *
[12:00:55]   RakBot 0.8.2.1 инициализирован
[12:00:55]   Автор адаптации: MishaN, CentuiS
[12:00:55]   Автор перевода: Ruskadance
[12:00:55]   Благодарность: Jamely, Logotipo, Wa3Rix, CentiuS, urShadow, DexT3R
[12:00:55]   RakBot.Ru
[12:00:55] * ===================================================== *
[12:00:55] [LUA] Скрипт "ARZ-Fix.lua" успешно загружен
[12:00:55] [ERROR] Ошибка загрузки скрипта "Sweet Connect.lua": caught (...) exception
[12:00:55] [ERROR] stack traceback:
[12:00:55] [ERROR] 	[C]: in function 'require'
[12:00:55] [ERROR] 	D:\rakbot2\scripts\Sweet Connect.lua:16: in main chunk
[12:00:56] [LUA] Скрипт "ПРОДАЖА.lua" успешно загружен
[12:00:56] [LUA] [GOZHELNIKOV Games Bot]: Скрипт успешно загружен!
[12:00:57] [RAKBOT] IP сервера: 185.169.134.59:7777
[12:00:57] [RAKBOT] Ник игрока: Nikita_Furnika
[12:00:57] [RAKBOT] Пароль игрока: Rdni3cMW
[12:00:57] [RAKBOT] Загрузка админов с сервера...
[12:00:57] [RAKBOT] Подключение к 185.169.134.59:7777...
[12:00:57] [RAKBOT] Загружено 133 админов с сервера
[12:00:57] [RAKBOT] Загрузка админов завершена
[12:01:07] [RAKBOT] Не удалось подключиться к серверу. Переподключение...
[12:01:08] [RAKBOT] Подключение к 185.169.134.59:7777...
[12:01:16] [RAKBOT] Выход из бота...
[12:01:17] [RAKBOT] Завершение работы...
[12:01:17] [RAKBOT] Ожидание завершения потока воспроизведения маршрута
[12:01:17] [RAKBOT] Ожидание завершения потока загрузки админов
[12:01:17] [RAKBOT] Ожидание завершения потока обновления сети
[12:01:17] [RAKBOT] Ожидание завершения потока главного окна
[12:01:17] [RAKBOT] Ожидание завершения потока окна карты
[12:01:17] [RAKBOT] Ожидание завершения потока окна диалога
[12:01:17] [RAKBOT] Работа завершена
==================================[НОВАЯ СЕССИЯ]==================================
[12:03:04] * ===================================================== *
[12:03:04]   RakBot 0.8.2.1 инициализирован
[12:03:04]   Автор адаптации: MishaN, CentuiS
[12:03:04]   Автор перевода: Ruskadance
[12:03:04]   Благодарность: Jamely, Logotipo, Wa3Rix, CentiuS, urShadow, DexT3R
[12:03:04]   RakBot.Ru
[12:03:04] * ===================================================== *
[12:03:04] [LUA] Скрипт "ARZ-Fix.lua" успешно загружен
[12:03:05] [LUA] Скрипт "ПРОДАЖА.lua" успешно загружен
[12:03:05] [LUA] [GOZHELNIKOV Games Bot]: Скрипт успешно загружен!
[12:03:06] [RAKBOT] IP сервера: 185.169.134.59:7777
[12:03:06] [RAKBOT] Ник игрока: Nikita_Furnika
[12:03:06] [RAKBOT] Пароль игрока: Rdni3cMW
[12:03:06] [RAKBOT] Загрузка админов с сервера...
[12:03:06] [RAKBOT] Подключение к 185.169.134.59:7777...
[12:03:06] [RAKBOT] Загружено 133 админов с сервера
[12:03:06] [RAKBOT] Загрузка админов завершена
[12:03:07] [RAKBOT] Подключено. Вход в игру...
[12:03:07] [RAKBOT] Режим наблюдения включен сервером
[12:03:07] [СЕРВЕР]  
[12:03:07] [СЕРВЕР]  
[12:03:07] [СЕРВЕР]  
[12:03:07] [СЕРВЕР]  
[12:03:07] [СЕРВЕР]  
[12:03:07] [СЕРВЕР]  
[12:03:07] [СЕРВЕР]  
[12:03:07] [СЕРВЕР]  
[12:03:07] [СЕРВЕР]  
[12:03:07] [СЕРВЕР]  
[12:03:07] [СЕРВЕР]  
[12:03:07] [СЕРВЕР]  
[12:03:07] [СЕРВЕР]  
[12:03:07] [СЕРВЕР]  
[12:03:07] [СЕРВЕР]  
[12:03:07] [СЕРВЕР]  
[12:03:07] [СЕРВЕР]  
[12:03:07] [СЕРВЕР]  
[12:03:07] [СЕРВЕР]  
[12:03:07] [СЕРВЕР]  
[12:03:07] [СЕРВЕР] Добро пожаловать на Arizona Role Play!
[12:03:07] [RAKBOT] Получен диалог 26191 с заголовком "Ожидание входа"
[12:03:07] [RAKBOT] Подключено к Arizona Role Play | Mesa
[12:03:07] [RAKBOT] Запрошен класс с ID 0
[12:03:08] [RAKBOT] Конечный класс получен
[12:03:08] [RAKBOT] Установлена позиция спавна: (0,00; 0,00; 0,00)
[12:03:13] [RAKBOT] Выход из бота...
[12:03:13] [RAKBOT] Бот отключен от сервера
[12:03:13] [RAKBOT] Завершение работы...
[12:03:13] [RAKBOT] Ожидание завершения потока воспроизведения маршрута
[12:03:13] [RAKBOT] Ожидание завершения потока загрузки админов
[12:03:13] [RAKBOT] Ожидание завершения потока обновления сети
[12:03:13] [RAKBOT] Ожидание завершения потока главного окна
[12:03:13] [RAKBOT] Ожидание завершения потока окна карты
[12:03:13] [RAKBOT] Ожидание завершения потока окна диалога
[12:03:13] [RAKBOT] Работа завершена
